# JRE version: Java(TM) SE Runtime Environment (8.0_73-b02) (build 1.8.0_73-b02)
# Java VM: Java HotSpot(TM) 64-Bit Server VM (25.73-b02 mixed mode windows-amd64 compressed oops)
Heap:
 PSYoungGen      total 177664K, used 157178K [0x000000076ab00000, 0x0000000776b80000, 0x00000007c0000000)
  eden space 158720K, 88% used [0x000000076ab00000,0x0000000773367b20,0x0000000774600000)
  from space 18944K, 92% used [0x0000000774600000,0x0000000775717008,0x0000000775880000)
  to   space 18944K, 0% used [0x0000000775900000,0x0000000775900000,0x0000000776b80000)
 ParOldGen       total 576512K, used 271901K [0x00000006c0000000, 0x00000006e3300000, 0x000000076ab00000)
  object space 576512K, 47% used [0x00000006c0000000,0x00000006d0987540,0x00000006e3300000)
 Metaspace       used 36920K, capacity 37358K, committed 37760K, reserved 1083392K
  class space    used 4007K, capacity 4145K, committed 4224K, reserved 1048576K
GC Heap History (10 events):
Event: 416809.857 GC heap before
{Heap before GC invocations=687 (full 2):
 PSYoungGen      total 177152K, used 175817K [0x000000076ab00000, 0x0000000776b00000, 0x00000007c0000000)
  eden space 157696K, 100% used [0x000000076ab00000,0x0000000774500000,0x0000000774500000)
  from space 19456K, 93% used [0x0000000775800000,0x00000007769b27a8,0x0000000776b00000)
  to   space 19456K, 0% used [0x0000000774500000,0x0000000774500000,0x0000000775800000)
 ParOldGen       total 576512K, used 271811K [0x00000006c0000000, 0x00000006e3300000, 0x000000076ab00000)
  object space 576512K, 47% used [0x00000006c0000000,0x00000006d0970fd0,0x00000006e3300000)
 Metaspace       used 36913K, capacity 37358K, committed 37760K, reserved 1083392K
  class space    used 4007K, capacity 4145K, committed 4224K, reserved 1048576K
Event: 416809.869 GC heap after
Heap after GC invocations=687 (full 2):
 PSYoungGen      total 177152K, used 17196K [0x000000076ab00000, 0x0000000776b80000, 0x00000007c0000000)
  eden space 157696K, 0% used [0x000000076ab00000,0x000000076ab00000,0x0000000774500000)
  from space 19456K, 88% used [0x0000000774500000,0x00000007755cb2e8,0x0000000775800000)
  to   space 19456K, 0% used [0x0000000775880000,0x0000000775880000,0x0000000776b80000)
 ParOldGen       total 576512K, used 271843K [0x00000006c0000000, 0x00000006e3300000, 0x000000076ab00000)
  object space 576512K, 47% used [0x00000006c0000000,0x00000006d0978fd0,0x00000006e3300000)
 Metaspace       used 36913K, capacity 37358K, committed 37760K, reserved 1083392K
  class space    used 4007K, capacity 4145K, committed 4224K, reserved 1048576K
}
Event: 417601.221 GC heap before
{Heap before GC invocations=688 (full 2):
 PSYoungGen      total 177152K, used 174892K [0x000000076ab00000, 0x0000000776b80000, 0x00000007c0000000)
  eden space 157696K, 100% used [0x000000076ab00000,0x0000000774500000,0x0000000774500000)
  from space 19456K, 88% used [0x0000000774500000,0x00000007755cb2e8,0x0000000775800000)
  to   space 19456K, 0% used [0x0000000775880000,0x0000000775880000,0x0000000776b80000)
 ParOldGen       total 576512K, used 271843K [0x00000006c0000000, 0x00000006e3300000, 0x000000076ab00000)
  object space 576512K, 47% used [0x00000006c0000000,0x00000006d0978fd0,0x00000006e3300000)
 Metaspace       used 36913K, capacity 37358K, committed 37760K, reserved 1083392K
  class space    used 4007K, capacity 4145K, committed 4224K, reserved 1048576K
Event: 417601.233 GC heap after
Heap after GC invocations=688 (full 2):
 PSYoungGen      total 177664K, used 17660K [0x000000076ab00000, 0x0000000776b80000, 0x00000007c0000000)
  eden space 158208K, 0% used [0x000000076ab00000,0x000000076ab00000,0x0000000774580000)
  from space 19456K, 90% used [0x0000000775880000,0x00000007769bf028,0x0000000776b80000)
  to   space 19456K, 0% used [0x0000000774580000,0x0000000774580000,0x0000000775880000)
 ParOldGen       total 576512K, used 271867K [0x00000006c0000000, 0x00000006e3300000, 0x000000076ab00000)
  object space 576512K, 47% used [0x00000006c0000000,0x00000006d097efd0,0x00000006e3300000)
 Metaspace       used 36913K, capacity 37358K, committed 37760K, reserved 1083392K
  class space    used 4007K, capacity 4145K, committed 4224K, reserved 1048576K
}
Event: 418506.248 GC heap before
{Heap before GC invocations=689 (full 2):
 PSYoungGen      total 177664K, used 175868K [0x000000076ab00000, 0x0000000776b80000, 0x00000007c0000000)
  eden space 158208K, 100% used [0x000000076ab00000,0x0000000774580000,0x0000000774580000)
  from space 19456K, 90% used [0x0000000775880000,0x00000007769bf028,0x0000000776b80000)
  to   space 19456K, 0% used [0x0000000774580000,0x0000000774580000,0x0000000775880000)
 ParOldGen       total 576512K, used 271867K [0x00000006c0000000, 0x00000006e3300000, 0x000000076ab00000)
  object space 576512K, 47% used [0x00000006c0000000,0x00000006d097efd0,0x00000006e3300000)
 Metaspace       used 36913K, capacity 37358K, committed 37760K, reserved 1083392K
  class space    used 4007K, capacity 4145K, committed 4224K, reserved 1048576K
Event: 418506.259 GC heap after
Heap after GC invocations=689 (full 2):
 PSYoungGen      total 177664K, used 17420K [0x000000076ab00000, 0x0000000776c00000, 0x00000007c0000000)
  eden space 158208K, 0% used [0x000000076ab00000,0x000000076ab00000,0x0000000774580000)
  from space 19456K, 89% used [0x0000000774580000,0x0000000775683180,0x0000000775880000)
  to   space 19456K, 0% used [0x0000000775900000,0x0000000775900000,0x0000000776c00000)
 ParOldGen       total 576512K, used 271867K [0x00000006c0000000, 0x00000006e3300000, 0x000000076ab00000)
  object space 576512K, 47% used [0x00000006c0000000,0x00000006d097efd0,0x00000006e3300000)
 Metaspace       used 36913K, capacity 37358K, committed 37760K, reserved 1083392K
  class space    used 4007K, capacity 4145K, committed 4224K, reserved 1048576K
}
Event: 419459.195 GC heap before
{Heap before GC invocations=690 (full 2):
 PSYoungGen      total 177664K, used 175628K [0x000000076ab00000, 0x0000000776c00000, 0x00000007c0000000)
  eden space 158208K, 100% used [0x000000076ab00000,0x0000000774580000,0x0000000774580000)
  from space 19456K, 89% used [0x0000000774580000,0x0000000775683180,0x0000000775880000)
  to   space 19456K, 0% used [0x0000000775900000,0x0000000775900000,0x0000000776c00000)
 ParOldGen       total 576512K, used 271867K [0x00000006c0000000, 0x00000006e3300000, 0x000000076ab00000)
  object space 576512K, 47% used [0x00000006c0000000,0x00000006d097efd0,0x00000006e3300000)
 Metaspace       used 36913K, capacity 37358K, committed 37760K, reserved 1083392K
  class space    used 4007K, capacity 4145K, committed 4224K, reserved 1048576K
Event: 419459.210 GC heap after
Heap after GC invocations=690 (full 2):
 PSYoungGen      total 177152K, used 17276K [0x000000076ab00000, 0x0000000776b00000, 0x00000007c0000000)
  eden space 158720K, 0% used [0x000000076ab00000,0x000000076ab00000,0x0000000774600000)
  from space 18432K, 93% used [0x0000000775900000,0x00000007769df2f8,0x0000000776b00000)
  to   space 18944K, 0% used [0x0000000774600000,0x0000000774600000,0x0000000775880000)
 ParOldGen       total 576512K, used 271893K [0x00000006c0000000, 0x00000006e3300000, 0x000000076ab00000)
  object space 576512K, 47% used [0x00000006c0000000,0x00000006d0985540,0x00000006e3300000)
 Metaspace       used 36913K, capacity 37358K, committed 37760K, reserved 1083392K
  class space    used 4007K, capacity 4145K, committed 4224K, reserved 1048576K
}
Event: 420034.599 GC heap before
{Heap before GC invocations=691 (full 2):
 PSYoungGen      total 177152K, used 175987K [0x000000076ab00000, 0x0000000776b00000, 0x00000007c0000000)
  eden space 158720K, 99% used [0x000000076ab00000,0x00000007745fdc80,0x0000000774600000)
  from space 18432K, 93% used [0x0000000775900000,0x00000007769df2f8,0x0000000776b00000)
  to   space 18944K, 0% used [0x0000000774600000,0x0000000774600000,0x0000000775880000)
 ParOldGen       total 576512K, used 271893K [0x00000006c0000000, 0x00000006e3300000, 0x000000076ab00000)
  object space 576512K, 47% used [0x00000006c0000000,0x00000006d0985540,0x00000006e3300000)
 Metaspace       used 36913K, capacity 37358K, committed 37760K, reserved 1083392K
  class space    used 4007K, capacity 4145K, committed 4224K, reserved 1048576K
Event: 420034.611 GC heap after
Heap after GC invocations=691 (full 2):
 PSYoungGen      total 177664K, used 17500K [0x000000076ab00000, 0x0000000776b80000, 0x00000007c0000000)
  eden space 158720K, 0% used [0x000000076ab00000,0x000000076ab00000,0x0000000774600000)
  from space 18944K, 92% used [0x0000000774600000,0x0000000775717008,0x0000000775880000)
  to   space 18944K, 0% used [0x0000000775900000,0x0000000775900000,0x0000000776b80000)
 ParOldGen       total 576512K, used 271901K [0x00000006c0000000, 0x00000006e3300000, 0x000000076ab00000)
  object space 576512K, 47% used [0x00000006c0000000,0x00000006d0987540,0x00000006e3300000)
 Metaspace       used 36913K, capacity 37358K, committed 37760K, reserved 1083392K
  class space    used 4007K, capacity 4145K, committed 4224K, reserved 1048576K
}

