# JRE version: Java(TM) SE Runtime Environment (8.0_73-b02) (build 1.8.0_73-b02)
# Java VM: Java HotSpot(TM) 64-Bit Server VM (25.73-b02 mixed mode windows-amd64 compressed oops)
Heap:
 PSYoungGen      total 1267712K, used 850538K [0x000000076ab00000, 0x00000007c0000000, 0x00000007c0000000)
  eden space 1160192K, 64% used [0x000000076ab00000,0x00000007980db8a0,0x00000007b1800000)
  from space 107520K, 99% used [0x00000007b1800000,0x00000007b80bf068,0x00000007b8100000)
  to   space 130048K, 0% used [0x00000007b8100000,0x00000007b8100000,0x00000007c0000000)
 ParOldGen       total 589824K, used 274685K [0x00000006c0000000, 0x00000006e4000000, 0x000000076ab00000)
  object space 589824K, 46% used [0x00000006c0000000,0x00000006d0c3f6c0,0x00000006e4000000)
 Metaspace       used 26341K, capacity 26766K, committed 27008K, reserved 1073152K
  class space    used 2745K, capacity 2865K, committed 2944K, reserved 1048576K
GC Heap History (10 events):
Event: 31.396 GC heap before
{Heap before GC invocations=13 (full 1):
 PSYoungGen      total 1325056K, used 1324989K [0x000000076ab00000, 0x00000007c0000000, 0x00000007c0000000)
  eden space 1286144K, 100% used [0x000000076ab00000,0x00000007b9300000,0x00000007b9300000)
  from space 38912K, 99% used [0x00000007b9300000,0x00000007bb8ef748,0x00000007bb900000)
  to   space 56832K, 0% used [0x00000007bc880000,0x00000007bc880000,0x00000007c0000000)
 ParOldGen       total 349696K, used 119685K [0x00000006c0000000, 0x00000006d5580000, 0x000000076ab00000)
  object space 349696K, 34% used [0x00000006c0000000,0x00000006c74e15d0,0x00000006d5580000)
 Metaspace       used 21754K, capacity 22170K, committed 22400K, reserved 1069056K
  class space    used 2449K, capacity 2577K, committed 2688K, reserved 1048576K
Event: 31.444 GC heap after
Heap after GC invocations=13 (full 1):
 PSYoungGen      total 1341952K, used 19951K [0x000000076ab00000, 0x00000007c0000000, 0x00000007c0000000)
  eden space 1285120K, 0% used [0x000000076ab00000,0x000000076ab00000,0x00000007b9200000)
  from space 56832K, 35% used [0x00000007bc880000,0x00000007bdbfbd40,0x00000007c0000000)
  to   space 55808K, 0% used [0x00000007b9200000,0x00000007b9200000,0x00000007bc880000)
 ParOldGen       total 349696K, used 147053K [0x00000006c0000000, 0x00000006d5580000, 0x000000076ab00000)
  object space 349696K, 42% used [0x00000006c0000000,0x00000006c8f9b670,0x00000006d5580000)
 Metaspace       used 21754K, capacity 22170K, committed 22400K, reserved 1069056K
  class space    used 2449K, capacity 2577K, committed 2688K, reserved 1048576K
}
Event: 3857.254 GC heap before
{Heap before GC invocations=14 (full 1):
 PSYoungGen      total 1341952K, used 1305071K [0x000000076ab00000, 0x00000007c0000000, 0x00000007c0000000)
  eden space 1285120K, 100% used [0x000000076ab00000,0x00000007b9200000,0x00000007b9200000)
  from space 56832K, 35% used [0x00000007bc880000,0x00000007bdbfbd40,0x00000007c0000000)
  to   space 55808K, 0% used [0x00000007b9200000,0x00000007b9200000,0x00000007bc880000)
 ParOldGen       total 349696K, used 147053K [0x00000006c0000000, 0x00000006d5580000, 0x000000076ab00000)
  object space 349696K, 42% used [0x00000006c0000000,0x00000006c8f9b670,0x00000006d5580000)
 Metaspace       used 25913K, capacity 26340K, committed 26496K, reserved 1073152K
  class space    used 2745K, capacity 2872K, committed 2944K, reserved 1048576K
Event: 3857.374 GC heap after
Heap after GC invocations=14 (full 1):
 PSYoungGen      total 1340928K, used 55790K [0x000000076ab00000, 0x00000007c0000000, 0x00000007c0000000)
  eden space 1285120K, 0% used [0x000000076ab00000,0x000000076ab00000,0x00000007b9200000)
  from space 55808K, 99% used [0x00000007b9200000,0x00000007bc87b838,0x00000007bc880000)
  to   space 56832K, 0% used [0x00000007bc880000,0x00000007bc880000,0x00000007c0000000)
 ParOldGen       total 349696K, used 220776K [0x00000006c0000000, 0x00000006d5580000, 0x000000076ab00000)
  object space 349696K, 63% used [0x00000006c0000000,0x00000006cd79a348,0x00000006d5580000)
 Metaspace       used 25913K, capacity 26340K, committed 26496K, reserved 1073152K
  class space    used 2745K, capacity 2872K, committed 2944K, reserved 1048576K
}
Event: 10415.233 GC heap before
{Heap before GC invocations=15 (full 1):
 PSYoungGen      total 1340928K, used 1340910K [0x000000076ab00000, 0x00000007c0000000, 0x00000007c0000000)
  eden space 1285120K, 100% used [0x000000076ab00000,0x00000007b9200000,0x00000007b9200000)
  from space 55808K, 99% used [0x00000007b9200000,0x00000007bc87b838,0x00000007bc880000)
  to   space 56832K, 0% used [0x00000007bc880000,0x00000007bc880000,0x00000007c0000000)
 ParOldGen       total 349696K, used 220776K [0x00000006c0000000, 0x00000006d5580000, 0x000000076ab00000)
  object space 349696K, 63% used [0x00000006c0000000,0x00000006cd79a348,0x00000006d5580000)
 Metaspace       used 26202K, capacity 26672K, committed 27008K, reserved 1073152K
  class space    used 2746K, capacity 2874K, committed 2944K, reserved 1048576K
Event: 10415.348 GC heap after
Heap after GC invocations=15 (full 1):
 PSYoungGen      total 1217024K, used 56807K [0x000000076ab00000, 0x00000007c0000000, 0x00000007c0000000)
  eden space 1160192K, 0% used [0x000000076ab00000,0x000000076ab00000,0x00000007b1800000)
  from space 56832K, 99% used [0x00000007bc880000,0x00000007bfff9c68,0x00000007c0000000)
  to   space 118784K, 0% used [0x00000007b1800000,0x00000007b1800000,0x00000007b8c00000)
 ParOldGen       total 349696K, used 293866K [0x00000006c0000000, 0x00000006d5580000, 0x000000076ab00000)
  object space 349696K, 84% used [0x00000006c0000000,0x00000006d1efa880,0x00000006d5580000)
 Metaspace       used 26202K, capacity 26672K, committed 27008K, reserved 1073152K
  class space    used 2746K, capacity 2874K, committed 2944K, reserved 1048576K
}
Event: 10415.348 GC heap before
{Heap before GC invocations=16 (full 2):
 PSYoungGen      total 1217024K, used 56807K [0x000000076ab00000, 0x00000007c0000000, 0x00000007c0000000)
  eden space 1160192K, 0% used [0x000000076ab00000,0x000000076ab00000,0x00000007b1800000)
  from space 56832K, 99% used [0x00000007bc880000,0x00000007bfff9c68,0x00000007c0000000)
  to   space 118784K, 0% used [0x00000007b1800000,0x00000007b1800000,0x00000007b8c00000)
 ParOldGen       total 349696K, used 293866K [0x00000006c0000000, 0x00000006d5580000, 0x000000076ab00000)
  object space 349696K, 84% used [0x00000006c0000000,0x00000006d1efa880,0x00000006d5580000)
 Metaspace       used 26202K, capacity 26672K, committed 27008K, reserved 1073152K
  class space    used 2746K, capacity 2874K, committed 2944K, reserved 1048576K
Event: 10415.905 GC heap after
Heap after GC invocations=16 (full 2):
 PSYoungGen      total 1217024K, used 0K [0x000000076ab00000, 0x00000007c0000000, 0x00000007c0000000)
  eden space 1160192K, 0% used [0x000000076ab00000,0x000000076ab00000,0x00000007b1800000)
  from space 56832K, 0% used [0x00000007bc880000,0x00000007bc880000,0x00000007c0000000)
  to   space 118784K, 0% used [0x00000007b1800000,0x00000007b1800000,0x00000007b8c00000)
 ParOldGen       total 589824K, used 274677K [0x00000006c0000000, 0x00000006e4000000, 0x000000076ab00000)
  object space 589824K, 46% used [0x00000006c0000000,0x00000006d0c3d6c0,0x00000006e4000000)
 Metaspace       used 26174K, capacity 26626K, committed 27008K, reserved 1073152K
  class space    used 2740K, capacity 2863K, committed 2944K, reserved 1048576K
}
Event: 15224.765 GC heap before
{Heap before GC invocations=17 (full 2):
 PSYoungGen      total 1217024K, used 1160192K [0x000000076ab00000, 0x00000007c0000000, 0x00000007c0000000)
  eden space 1160192K, 100% used [0x000000076ab00000,0x00000007b1800000,0x00000007b1800000)
  from space 56832K, 0% used [0x00000007bc880000,0x00000007bc880000,0x00000007c0000000)
  to   space 118784K, 0% used [0x00000007b1800000,0x00000007b1800000,0x00000007b8c00000)
 ParOldGen       total 589824K, used 274677K [0x00000006c0000000, 0x00000006e4000000, 0x000000076ab00000)
  object space 589824K, 46% used [0x00000006c0000000,0x00000006d0c3d6c0,0x00000006e4000000)
 Metaspace       used 26276K, capacity 26702K, committed 27008K, reserved 1073152K
  class space    used 2743K, capacity 2865K, committed 2944K, reserved 1048576K
Event: 15224.827 GC heap after
Heap after GC invocations=17 (full 2):
 PSYoungGen      total 1267712K, used 107260K [0x000000076ab00000, 0x00000007c0000000, 0x00000007c0000000)
  eden space 1160192K, 0% used [0x000000076ab00000,0x000000076ab00000,0x00000007b1800000)
  from space 107520K, 99% used [0x00000007b1800000,0x00000007b80bf068,0x00000007b8100000)
  to   space 130048K, 0% used [0x00000007b8100000,0x00000007b8100000,0x00000007c0000000)
 ParOldGen       total 589824K, used 274685K [0x00000006c0000000, 0x00000006e4000000, 0x000000076ab00000)
  object space 589824K, 46% used [0x00000006c0000000,0x00000006d0c3f6c0,0x00000006e4000000)
 Metaspace       used 26276K, capacity 26702K, committed 27008K, reserved 1073152K
  class space    used 2743K, capacity 2865K, committed 2944K, reserved 1048576K
}

